2024-12-22 05:08:34.806 [info] Extension host with pid 71937 started
2024-12-22 05:08:34.822 [info] Lock '/home/ec2-user/.vscode-server/data/User/workspaceStorage/05824ef03c6c2d7d4fb131827bd3e7f0/vscode.lock': Lock acquired.
2024-12-22 05:08:38.218 [info] ExtensionService#_doActivateExtension vscode.html-language-features, startup: false, activationEvent: 'onLanguage:html'
2024-12-22 05:08:38.221 [info] ExtensionService#_doActivateExtension vscode.emmet, startup: false, activationEvent: 'onLanguage'
2024-12-22 05:08:38.221 [info] ExtensionService#_doActivateExtension vscode.git-base, startup: false, activationEvent: '*', root cause: vscode.git
2024-12-22 05:08:38.961 [info] ExtensionService#_doActivateExtension vscode.git, startup: false, activationEvent: '*'
2024-12-22 05:08:38.965 [info] ExtensionService#_doActivateExtension vscode.github, startup: false, activationEvent: '*'
2024-12-22 05:08:40.708 [info] Eager extensions activated
2024-12-22 05:08:40.708 [info] ExtensionService#_doActivateExtension vscode.debug-auto-launch, startup: false, activationEvent: 'onStartupFinished'
2024-12-22 05:08:40.708 [info] ExtensionService#_doActivateExtension vscode.merge-conflict, startup: false, activationEvent: 'onStartupFinished'
2024-12-22 05:10:36.800 [warning] [Decorations] CAPPING events from decorations provider vscode.git 1956
2024-12-22 05:10:37.286 [warning] [Decorations] CAPPING events from decorations provider vscode.git 1956
2024-12-22 05:10:38.225 [error] Error: No such branch: master.
	at N.getBranch (/home/ec2-user/.vscode-server/cli/servers/Stable-38c31bc77e0dd6ae88a4e9cc93428cc27a56ba40/server/extensions/git/dist/main.js:2:937115)
	at async T.retryRun (/home/ec2-user/.vscode-server/cli/servers/Stable-38c31bc77e0dd6ae88a4e9cc93428cc27a56ba40/server/extensions/git/dist/main.js:2:1032816)
	at async T.run (/home/ec2-user/.vscode-server/cli/servers/Stable-38c31bc77e0dd6ae88a4e9cc93428cc27a56ba40/server/extensions/git/dist/main.js:2:1032420)
	at async T.getBranch (/home/ec2-user/.vscode-server/cli/servers/Stable-38c31bc77e0dd6ae88a4e9cc93428cc27a56ba40/server/extensions/git/dist/main.js:2:1020563)
	at async T.getBranchBase (/home/ec2-user/.vscode-server/cli/servers/Stable-38c31bc77e0dd6ae88a4e9cc93428cc27a56ba40/server/extensions/git/dist/main.js:2:1020849)
	at async t.GitHistoryProvider.resolveHEADMergeBase (/home/ec2-user/.vscode-server/cli/servers/Stable-38c31bc77e0dd6ae88a4e9cc93428cc27a56ba40/server/extensions/git/dist/main.js:2:948410)
	at async t.GitHistoryProvider.onDidRunGitStatus (/home/ec2-user/.vscode-server/cli/servers/Stable-38c31bc77e0dd6ae88a4e9cc93428cc27a56ba40/server/extensions/git/dist/main.js:2:941737)
2024-12-22 05:10:38.300 [error] Error: No such branch: master.
	at N.getBranch (/home/ec2-user/.vscode-server/cli/servers/Stable-38c31bc77e0dd6ae88a4e9cc93428cc27a56ba40/server/extensions/git/dist/main.js:2:937115)
	at async T.retryRun (/home/ec2-user/.vscode-server/cli/servers/Stable-38c31bc77e0dd6ae88a4e9cc93428cc27a56ba40/server/extensions/git/dist/main.js:2:1032816)
	at async T.run (/home/ec2-user/.vscode-server/cli/servers/Stable-38c31bc77e0dd6ae88a4e9cc93428cc27a56ba40/server/extensions/git/dist/main.js:2:1032420)
	at async T.getBranch (/home/ec2-user/.vscode-server/cli/servers/Stable-38c31bc77e0dd6ae88a4e9cc93428cc27a56ba40/server/extensions/git/dist/main.js:2:1020563)
	at async T.getBranchBase (/home/ec2-user/.vscode-server/cli/servers/Stable-38c31bc77e0dd6ae88a4e9cc93428cc27a56ba40/server/extensions/git/dist/main.js:2:1020849)
	at async t.GitHistoryProvider.resolveHEADMergeBase (/home/ec2-user/.vscode-server/cli/servers/Stable-38c31bc77e0dd6ae88a4e9cc93428cc27a56ba40/server/extensions/git/dist/main.js:2:948410)
	at async t.GitHistoryProvider.onDidRunGitStatus (/home/ec2-user/.vscode-server/cli/servers/Stable-38c31bc77e0dd6ae88a4e9cc93428cc27a56ba40/server/extensions/git/dist/main.js:2:941737)
2024-12-22 05:10:38.420 [warning] [Decorations] CAPPING events from decorations provider vscode.git 1956
2024-12-22 05:10:39.429 [error] Error: No such branch: master.
	at N.getBranch (/home/ec2-user/.vscode-server/cli/servers/Stable-38c31bc77e0dd6ae88a4e9cc93428cc27a56ba40/server/extensions/git/dist/main.js:2:937115)
	at async T.retryRun (/home/ec2-user/.vscode-server/cli/servers/Stable-38c31bc77e0dd6ae88a4e9cc93428cc27a56ba40/server/extensions/git/dist/main.js:2:1032816)
	at async T.run (/home/ec2-user/.vscode-server/cli/servers/Stable-38c31bc77e0dd6ae88a4e9cc93428cc27a56ba40/server/extensions/git/dist/main.js:2:1032420)
	at async T.getBranch (/home/ec2-user/.vscode-server/cli/servers/Stable-38c31bc77e0dd6ae88a4e9cc93428cc27a56ba40/server/extensions/git/dist/main.js:2:1020563)
	at async T.getBranchBase (/home/ec2-user/.vscode-server/cli/servers/Stable-38c31bc77e0dd6ae88a4e9cc93428cc27a56ba40/server/extensions/git/dist/main.js:2:1020849)
	at async t.GitHistoryProvider.resolveHEADMergeBase (/home/ec2-user/.vscode-server/cli/servers/Stable-38c31bc77e0dd6ae88a4e9cc93428cc27a56ba40/server/extensions/git/dist/main.js:2:948410)
	at async t.GitHistoryProvider.onDidRunGitStatus (/home/ec2-user/.vscode-server/cli/servers/Stable-38c31bc77e0dd6ae88a4e9cc93428cc27a56ba40/server/extensions/git/dist/main.js:2:941737)
2024-12-22 05:10:44.734 [warning] [Decorations] CAPPING events from decorations provider vscode.git 1956
2024-12-22 05:10:45.738 [error] Error: No such branch: master.
	at N.getBranch (/home/ec2-user/.vscode-server/cli/servers/Stable-38c31bc77e0dd6ae88a4e9cc93428cc27a56ba40/server/extensions/git/dist/main.js:2:937115)
	at async T.retryRun (/home/ec2-user/.vscode-server/cli/servers/Stable-38c31bc77e0dd6ae88a4e9cc93428cc27a56ba40/server/extensions/git/dist/main.js:2:1032816)
	at async T.run (/home/ec2-user/.vscode-server/cli/servers/Stable-38c31bc77e0dd6ae88a4e9cc93428cc27a56ba40/server/extensions/git/dist/main.js:2:1032420)
	at async T.getBranch (/home/ec2-user/.vscode-server/cli/servers/Stable-38c31bc77e0dd6ae88a4e9cc93428cc27a56ba40/server/extensions/git/dist/main.js:2:1020563)
	at async T.getBranchBase (/home/ec2-user/.vscode-server/cli/servers/Stable-38c31bc77e0dd6ae88a4e9cc93428cc27a56ba40/server/extensions/git/dist/main.js:2:1020849)
	at async t.GitHistoryProvider.resolveHEADMergeBase (/home/ec2-user/.vscode-server/cli/servers/Stable-38c31bc77e0dd6ae88a4e9cc93428cc27a56ba40/server/extensions/git/dist/main.js:2:948410)
	at async t.GitHistoryProvider.onDidRunGitStatus (/home/ec2-user/.vscode-server/cli/servers/Stable-38c31bc77e0dd6ae88a4e9cc93428cc27a56ba40/server/extensions/git/dist/main.js:2:941737)
2024-12-22 05:10:49.789 [warning] [Decorations] CAPPING events from decorations provider vscode.git 1956
2024-12-22 05:10:50.802 [error] Error: No such branch: master.
	at N.getBranch (/home/ec2-user/.vscode-server/cli/servers/Stable-38c31bc77e0dd6ae88a4e9cc93428cc27a56ba40/server/extensions/git/dist/main.js:2:937115)
	at async T.retryRun (/home/ec2-user/.vscode-server/cli/servers/Stable-38c31bc77e0dd6ae88a4e9cc93428cc27a56ba40/server/extensions/git/dist/main.js:2:1032816)
	at async T.run (/home/ec2-user/.vscode-server/cli/servers/Stable-38c31bc77e0dd6ae88a4e9cc93428cc27a56ba40/server/extensions/git/dist/main.js:2:1032420)
	at async T.getBranch (/home/ec2-user/.vscode-server/cli/servers/Stable-38c31bc77e0dd6ae88a4e9cc93428cc27a56ba40/server/extensions/git/dist/main.js:2:1020563)
	at async T.getBranchBase (/home/ec2-user/.vscode-server/cli/servers/Stable-38c31bc77e0dd6ae88a4e9cc93428cc27a56ba40/server/extensions/git/dist/main.js:2:1020849)
	at async t.GitHistoryProvider.resolveHEADMergeBase (/home/ec2-user/.vscode-server/cli/servers/Stable-38c31bc77e0dd6ae88a4e9cc93428cc27a56ba40/server/extensions/git/dist/main.js:2:948410)
	at async t.GitHistoryProvider.onDidRunGitStatus (/home/ec2-user/.vscode-server/cli/servers/Stable-38c31bc77e0dd6ae88a4e9cc93428cc27a56ba40/server/extensions/git/dist/main.js:2:941737)
2024-12-22 05:10:54.846 [warning] [Decorations] CAPPING events from decorations provider vscode.git 1956
2024-12-22 05:10:55.864 [error] Error: No such branch: master.
	at N.getBranch (/home/ec2-user/.vscode-server/cli/servers/Stable-38c31bc77e0dd6ae88a4e9cc93428cc27a56ba40/server/extensions/git/dist/main.js:2:937115)
	at async T.retryRun (/home/ec2-user/.vscode-server/cli/servers/Stable-38c31bc77e0dd6ae88a4e9cc93428cc27a56ba40/server/extensions/git/dist/main.js:2:1032816)
	at async T.run (/home/ec2-user/.vscode-server/cli/servers/Stable-38c31bc77e0dd6ae88a4e9cc93428cc27a56ba40/server/extensions/git/dist/main.js:2:1032420)
	at async T.getBranch (/home/ec2-user/.vscode-server/cli/servers/Stable-38c31bc77e0dd6ae88a4e9cc93428cc27a56ba40/server/extensions/git/dist/main.js:2:1020563)
	at async T.getBranchBase (/home/ec2-user/.vscode-server/cli/servers/Stable-38c31bc77e0dd6ae88a4e9cc93428cc27a56ba40/server/extensions/git/dist/main.js:2:1020849)
	at async t.GitHistoryProvider.resolveHEADMergeBase (/home/ec2-user/.vscode-server/cli/servers/Stable-38c31bc77e0dd6ae88a4e9cc93428cc27a56ba40/server/extensions/git/dist/main.js:2:948410)
	at async t.GitHistoryProvider.onDidRunGitStatus (/home/ec2-user/.vscode-server/cli/servers/Stable-38c31bc77e0dd6ae88a4e9cc93428cc27a56ba40/server/extensions/git/dist/main.js:2:941737)
2024-12-22 05:10:59.919 [warning] [Decorations] CAPPING events from decorations provider vscode.git 1956
2024-12-22 05:11:00.924 [error] Error: No such branch: master.
	at N.getBranch (/home/ec2-user/.vscode-server/cli/servers/Stable-38c31bc77e0dd6ae88a4e9cc93428cc27a56ba40/server/extensions/git/dist/main.js:2:937115)
	at async T.retryRun (/home/ec2-user/.vscode-server/cli/servers/Stable-38c31bc77e0dd6ae88a4e9cc93428cc27a56ba40/server/extensions/git/dist/main.js:2:1032816)
	at async T.run (/home/ec2-user/.vscode-server/cli/servers/Stable-38c31bc77e0dd6ae88a4e9cc93428cc27a56ba40/server/extensions/git/dist/main.js:2:1032420)
	at async T.getBranch (/home/ec2-user/.vscode-server/cli/servers/Stable-38c31bc77e0dd6ae88a4e9cc93428cc27a56ba40/server/extensions/git/dist/main.js:2:1020563)
	at async T.getBranchBase (/home/ec2-user/.vscode-server/cli/servers/Stable-38c31bc77e0dd6ae88a4e9cc93428cc27a56ba40/server/extensions/git/dist/main.js:2:1020849)
	at async t.GitHistoryProvider.resolveHEADMergeBase (/home/ec2-user/.vscode-server/cli/servers/Stable-38c31bc77e0dd6ae88a4e9cc93428cc27a56ba40/server/extensions/git/dist/main.js:2:948410)
	at async t.GitHistoryProvider.onDidRunGitStatus (/home/ec2-user/.vscode-server/cli/servers/Stable-38c31bc77e0dd6ae88a4e9cc93428cc27a56ba40/server/extensions/git/dist/main.js:2:941737)
2024-12-22 05:11:04.972 [warning] [Decorations] CAPPING events from decorations provider vscode.git 1956
2024-12-22 05:11:05.980 [error] Error: No such branch: master.
	at N.getBranch (/home/ec2-user/.vscode-server/cli/servers/Stable-38c31bc77e0dd6ae88a4e9cc93428cc27a56ba40/server/extensions/git/dist/main.js:2:937115)
	at async T.retryRun (/home/ec2-user/.vscode-server/cli/servers/Stable-38c31bc77e0dd6ae88a4e9cc93428cc27a56ba40/server/extensions/git/dist/main.js:2:1032816)
	at async T.run (/home/ec2-user/.vscode-server/cli/servers/Stable-38c31bc77e0dd6ae88a4e9cc93428cc27a56ba40/server/extensions/git/dist/main.js:2:1032420)
	at async T.getBranch (/home/ec2-user/.vscode-server/cli/servers/Stable-38c31bc77e0dd6ae88a4e9cc93428cc27a56ba40/server/extensions/git/dist/main.js:2:1020563)
	at async T.getBranchBase (/home/ec2-user/.vscode-server/cli/servers/Stable-38c31bc77e0dd6ae88a4e9cc93428cc27a56ba40/server/extensions/git/dist/main.js:2:1020849)
	at async t.GitHistoryProvider.resolveHEADMergeBase (/home/ec2-user/.vscode-server/cli/servers/Stable-38c31bc77e0dd6ae88a4e9cc93428cc27a56ba40/server/extensions/git/dist/main.js:2:948410)
	at async t.GitHistoryProvider.onDidRunGitStatus (/home/ec2-user/.vscode-server/cli/servers/Stable-38c31bc77e0dd6ae88a4e9cc93428cc27a56ba40/server/extensions/git/dist/main.js:2:941737)
2024-12-22 05:11:10.042 [warning] [Decorations] CAPPING events from decorations provider vscode.git 1956
2024-12-22 05:11:11.047 [error] Error: No such branch: master.
	at N.getBranch (/home/ec2-user/.vscode-server/cli/servers/Stable-38c31bc77e0dd6ae88a4e9cc93428cc27a56ba40/server/extensions/git/dist/main.js:2:937115)
	at async T.retryRun (/home/ec2-user/.vscode-server/cli/servers/Stable-38c31bc77e0dd6ae88a4e9cc93428cc27a56ba40/server/extensions/git/dist/main.js:2:1032816)
	at async T.run (/home/ec2-user/.vscode-server/cli/servers/Stable-38c31bc77e0dd6ae88a4e9cc93428cc27a56ba40/server/extensions/git/dist/main.js:2:1032420)
	at async T.getBranch (/home/ec2-user/.vscode-server/cli/servers/Stable-38c31bc77e0dd6ae88a4e9cc93428cc27a56ba40/server/extensions/git/dist/main.js:2:1020563)
	at async T.getBranchBase (/home/ec2-user/.vscode-server/cli/servers/Stable-38c31bc77e0dd6ae88a4e9cc93428cc27a56ba40/server/extensions/git/dist/main.js:2:1020849)
	at async t.GitHistoryProvider.resolveHEADMergeBase (/home/ec2-user/.vscode-server/cli/servers/Stable-38c31bc77e0dd6ae88a4e9cc93428cc27a56ba40/server/extensions/git/dist/main.js:2:948410)
	at async t.GitHistoryProvider.onDidRunGitStatus (/home/ec2-user/.vscode-server/cli/servers/Stable-38c31bc77e0dd6ae88a4e9cc93428cc27a56ba40/server/extensions/git/dist/main.js:2:941737)
2024-12-22 05:11:15.098 [warning] [Decorations] CAPPING events from decorations provider vscode.git 1956
2024-12-22 05:11:16.107 [error] Error: No such branch: master.
	at N.getBranch (/home/ec2-user/.vscode-server/cli/servers/Stable-38c31bc77e0dd6ae88a4e9cc93428cc27a56ba40/server/extensions/git/dist/main.js:2:937115)
	at async T.retryRun (/home/ec2-user/.vscode-server/cli/servers/Stable-38c31bc77e0dd6ae88a4e9cc93428cc27a56ba40/server/extensions/git/dist/main.js:2:1032816)
	at async T.run (/home/ec2-user/.vscode-server/cli/servers/Stable-38c31bc77e0dd6ae88a4e9cc93428cc27a56ba40/server/extensions/git/dist/main.js:2:1032420)
	at async T.getBranch (/home/ec2-user/.vscode-server/cli/servers/Stable-38c31bc77e0dd6ae88a4e9cc93428cc27a56ba40/server/extensions/git/dist/main.js:2:1020563)
	at async T.getBranchBase (/home/ec2-user/.vscode-server/cli/servers/Stable-38c31bc77e0dd6ae88a4e9cc93428cc27a56ba40/server/extensions/git/dist/main.js:2:1020849)
	at async t.GitHistoryProvider.resolveHEADMergeBase (/home/ec2-user/.vscode-server/cli/servers/Stable-38c31bc77e0dd6ae88a4e9cc93428cc27a56ba40/server/extensions/git/dist/main.js:2:948410)
	at async t.GitHistoryProvider.onDidRunGitStatus (/home/ec2-user/.vscode-server/cli/servers/Stable-38c31bc77e0dd6ae88a4e9cc93428cc27a56ba40/server/extensions/git/dist/main.js:2:941737)
2024-12-22 05:11:20.152 [warning] [Decorations] CAPPING events from decorations provider vscode.git 1956
2024-12-22 05:11:21.161 [error] Error: No such branch: master.
	at N.getBranch (/home/ec2-user/.vscode-server/cli/servers/Stable-38c31bc77e0dd6ae88a4e9cc93428cc27a56ba40/server/extensions/git/dist/main.js:2:937115)
	at async T.retryRun (/home/ec2-user/.vscode-server/cli/servers/Stable-38c31bc77e0dd6ae88a4e9cc93428cc27a56ba40/server/extensions/git/dist/main.js:2:1032816)
	at async T.run (/home/ec2-user/.vscode-server/cli/servers/Stable-38c31bc77e0dd6ae88a4e9cc93428cc27a56ba40/server/extensions/git/dist/main.js:2:1032420)
	at async T.getBranch (/home/ec2-user/.vscode-server/cli/servers/Stable-38c31bc77e0dd6ae88a4e9cc93428cc27a56ba40/server/extensions/git/dist/main.js:2:1020563)
	at async T.getBranchBase (/home/ec2-user/.vscode-server/cli/servers/Stable-38c31bc77e0dd6ae88a4e9cc93428cc27a56ba40/server/extensions/git/dist/main.js:2:1020849)
	at async t.GitHistoryProvider.resolveHEADMergeBase (/home/ec2-user/.vscode-server/cli/servers/Stable-38c31bc77e0dd6ae88a4e9cc93428cc27a56ba40/server/extensions/git/dist/main.js:2:948410)
	at async t.GitHistoryProvider.onDidRunGitStatus (/home/ec2-user/.vscode-server/cli/servers/Stable-38c31bc77e0dd6ae88a4e9cc93428cc27a56ba40/server/extensions/git/dist/main.js:2:941737)
2024-12-22 05:12:30.645 [warning] [Decorations] CAPPING events from decorations provider vscode.git 1956
2024-12-22 05:12:31.660 [error] Error: No such branch: master.
	at N.getBranch (/home/ec2-user/.vscode-server/cli/servers/Stable-38c31bc77e0dd6ae88a4e9cc93428cc27a56ba40/server/extensions/git/dist/main.js:2:937115)
	at async T.retryRun (/home/ec2-user/.vscode-server/cli/servers/Stable-38c31bc77e0dd6ae88a4e9cc93428cc27a56ba40/server/extensions/git/dist/main.js:2:1032816)
	at async T.run (/home/ec2-user/.vscode-server/cli/servers/Stable-38c31bc77e0dd6ae88a4e9cc93428cc27a56ba40/server/extensions/git/dist/main.js:2:1032420)
	at async T.getBranch (/home/ec2-user/.vscode-server/cli/servers/Stable-38c31bc77e0dd6ae88a4e9cc93428cc27a56ba40/server/extensions/git/dist/main.js:2:1020563)
	at async T.getBranchBase (/home/ec2-user/.vscode-server/cli/servers/Stable-38c31bc77e0dd6ae88a4e9cc93428cc27a56ba40/server/extensions/git/dist/main.js:2:1020849)
	at async t.GitHistoryProvider.resolveHEADMergeBase (/home/ec2-user/.vscode-server/cli/servers/Stable-38c31bc77e0dd6ae88a4e9cc93428cc27a56ba40/server/extensions/git/dist/main.js:2:948410)
	at async t.GitHistoryProvider.onDidRunGitStatus (/home/ec2-user/.vscode-server/cli/servers/Stable-38c31bc77e0dd6ae88a4e9cc93428cc27a56ba40/server/extensions/git/dist/main.js:2:941737)
2024-12-22 05:12:35.708 [warning] [Decorations] CAPPING events from decorations provider vscode.git 1956
2024-12-22 05:12:36.754 [error] Error: No such branch: master.
	at N.getBranch (/home/ec2-user/.vscode-server/cli/servers/Stable-38c31bc77e0dd6ae88a4e9cc93428cc27a56ba40/server/extensions/git/dist/main.js:2:937115)
	at async T.retryRun (/home/ec2-user/.vscode-server/cli/servers/Stable-38c31bc77e0dd6ae88a4e9cc93428cc27a56ba40/server/extensions/git/dist/main.js:2:1032816)
	at async T.run (/home/ec2-user/.vscode-server/cli/servers/Stable-38c31bc77e0dd6ae88a4e9cc93428cc27a56ba40/server/extensions/git/dist/main.js:2:1032420)
	at async T.getBranch (/home/ec2-user/.vscode-server/cli/servers/Stable-38c31bc77e0dd6ae88a4e9cc93428cc27a56ba40/server/extensions/git/dist/main.js:2:1020563)
	at async T.getBranchBase (/home/ec2-user/.vscode-server/cli/servers/Stable-38c31bc77e0dd6ae88a4e9cc93428cc27a56ba40/server/extensions/git/dist/main.js:2:1020849)
	at async t.GitHistoryProvider.resolveHEADMergeBase (/home/ec2-user/.vscode-server/cli/servers/Stable-38c31bc77e0dd6ae88a4e9cc93428cc27a56ba40/server/extensions/git/dist/main.js:2:948410)
	at async t.GitHistoryProvider.onDidRunGitStatus (/home/ec2-user/.vscode-server/cli/servers/Stable-38c31bc77e0dd6ae88a4e9cc93428cc27a56ba40/server/extensions/git/dist/main.js:2:941737)
2024-12-22 05:12:40.772 [warning] [Decorations] CAPPING events from decorations provider vscode.git 1956
2024-12-22 05:12:41.788 [error] Error: No such branch: master.
	at N.getBranch (/home/ec2-user/.vscode-server/cli/servers/Stable-38c31bc77e0dd6ae88a4e9cc93428cc27a56ba40/server/extensions/git/dist/main.js:2:937115)
	at async T.retryRun (/home/ec2-user/.vscode-server/cli/servers/Stable-38c31bc77e0dd6ae88a4e9cc93428cc27a56ba40/server/extensions/git/dist/main.js:2:1032816)
	at async T.run (/home/ec2-user/.vscode-server/cli/servers/Stable-38c31bc77e0dd6ae88a4e9cc93428cc27a56ba40/server/extensions/git/dist/main.js:2:1032420)
	at async T.getBranch (/home/ec2-user/.vscode-server/cli/servers/Stable-38c31bc77e0dd6ae88a4e9cc93428cc27a56ba40/server/extensions/git/dist/main.js:2:1020563)
	at async T.getBranchBase (/home/ec2-user/.vscode-server/cli/servers/Stable-38c31bc77e0dd6ae88a4e9cc93428cc27a56ba40/server/extensions/git/dist/main.js:2:1020849)
	at async t.GitHistoryProvider.resolveHEADMergeBase (/home/ec2-user/.vscode-server/cli/servers/Stable-38c31bc77e0dd6ae88a4e9cc93428cc27a56ba40/server/extensions/git/dist/main.js:2:948410)
	at async t.GitHistoryProvider.onDidRunGitStatus (/home/ec2-user/.vscode-server/cli/servers/Stable-38c31bc77e0dd6ae88a4e9cc93428cc27a56ba40/server/extensions/git/dist/main.js:2:941737)
2024-12-22 05:12:45.837 [warning] [Decorations] CAPPING events from decorations provider vscode.git 1956
2024-12-22 05:12:46.843 [error] Error: No such branch: master.
	at N.getBranch (/home/ec2-user/.vscode-server/cli/servers/Stable-38c31bc77e0dd6ae88a4e9cc93428cc27a56ba40/server/extensions/git/dist/main.js:2:937115)
	at async T.retryRun (/home/ec2-user/.vscode-server/cli/servers/Stable-38c31bc77e0dd6ae88a4e9cc93428cc27a56ba40/server/extensions/git/dist/main.js:2:1032816)
	at async T.run (/home/ec2-user/.vscode-server/cli/servers/Stable-38c31bc77e0dd6ae88a4e9cc93428cc27a56ba40/server/extensions/git/dist/main.js:2:1032420)
	at async T.getBranch (/home/ec2-user/.vscode-server/cli/servers/Stable-38c31bc77e0dd6ae88a4e9cc93428cc27a56ba40/server/extensions/git/dist/main.js:2:1020563)
	at async T.getBranchBase (/home/ec2-user/.vscode-server/cli/servers/Stable-38c31bc77e0dd6ae88a4e9cc93428cc27a56ba40/server/extensions/git/dist/main.js:2:1020849)
	at async t.GitHistoryProvider.resolveHEADMergeBase (/home/ec2-user/.vscode-server/cli/servers/Stable-38c31bc77e0dd6ae88a4e9cc93428cc27a56ba40/server/extensions/git/dist/main.js:2:948410)
	at async t.GitHistoryProvider.onDidRunGitStatus (/home/ec2-user/.vscode-server/cli/servers/Stable-38c31bc77e0dd6ae88a4e9cc93428cc27a56ba40/server/extensions/git/dist/main.js:2:941737)
2024-12-22 05:12:50.893 [warning] [Decorations] CAPPING events from decorations provider vscode.git 1956
2024-12-22 05:12:51.907 [error] Error: No such branch: master.
	at N.getBranch (/home/ec2-user/.vscode-server/cli/servers/Stable-38c31bc77e0dd6ae88a4e9cc93428cc27a56ba40/server/extensions/git/dist/main.js:2:937115)
	at async T.retryRun (/home/ec2-user/.vscode-server/cli/servers/Stable-38c31bc77e0dd6ae88a4e9cc93428cc27a56ba40/server/extensions/git/dist/main.js:2:1032816)
	at async T.run (/home/ec2-user/.vscode-server/cli/servers/Stable-38c31bc77e0dd6ae88a4e9cc93428cc27a56ba40/server/extensions/git/dist/main.js:2:1032420)
	at async T.getBranch (/home/ec2-user/.vscode-server/cli/servers/Stable-38c31bc77e0dd6ae88a4e9cc93428cc27a56ba40/server/extensions/git/dist/main.js:2:1020563)
	at async T.getBranchBase (/home/ec2-user/.vscode-server/cli/servers/Stable-38c31bc77e0dd6ae88a4e9cc93428cc27a56ba40/server/extensions/git/dist/main.js:2:1020849)
	at async t.GitHistoryProvider.resolveHEADMergeBase (/home/ec2-user/.vscode-server/cli/servers/Stable-38c31bc77e0dd6ae88a4e9cc93428cc27a56ba40/server/extensions/git/dist/main.js:2:948410)
	at async t.GitHistoryProvider.onDidRunGitStatus (/home/ec2-user/.vscode-server/cli/servers/Stable-38c31bc77e0dd6ae88a4e9cc93428cc27a56ba40/server/extensions/git/dist/main.js:2:941737)
2024-12-22 05:12:55.959 [warning] [Decorations] CAPPING events from decorations provider vscode.git 1956
2024-12-22 05:12:56.963 [error] Error: No such branch: master.
	at N.getBranch (/home/ec2-user/.vscode-server/cli/servers/Stable-38c31bc77e0dd6ae88a4e9cc93428cc27a56ba40/server/extensions/git/dist/main.js:2:937115)
	at async T.retryRun (/home/ec2-user/.vscode-server/cli/servers/Stable-38c31bc77e0dd6ae88a4e9cc93428cc27a56ba40/server/extensions/git/dist/main.js:2:1032816)
	at async T.run (/home/ec2-user/.vscode-server/cli/servers/Stable-38c31bc77e0dd6ae88a4e9cc93428cc27a56ba40/server/extensions/git/dist/main.js:2:1032420)
	at async T.getBranch (/home/ec2-user/.vscode-server/cli/servers/Stable-38c31bc77e0dd6ae88a4e9cc93428cc27a56ba40/server/extensions/git/dist/main.js:2:1020563)
	at async T.getBranchBase (/home/ec2-user/.vscode-server/cli/servers/Stable-38c31bc77e0dd6ae88a4e9cc93428cc27a56ba40/server/extensions/git/dist/main.js:2:1020849)
	at async t.GitHistoryProvider.resolveHEADMergeBase (/home/ec2-user/.vscode-server/cli/servers/Stable-38c31bc77e0dd6ae88a4e9cc93428cc27a56ba40/server/extensions/git/dist/main.js:2:948410)
	at async t.GitHistoryProvider.onDidRunGitStatus (/home/ec2-user/.vscode-server/cli/servers/Stable-38c31bc77e0dd6ae88a4e9cc93428cc27a56ba40/server/extensions/git/dist/main.js:2:941737)
2024-12-22 05:13:01.011 [warning] [Decorations] CAPPING events from decorations provider vscode.git 1956
2024-12-22 05:13:02.018 [error] Error: No such branch: master.
	at N.getBranch (/home/ec2-user/.vscode-server/cli/servers/Stable-38c31bc77e0dd6ae88a4e9cc93428cc27a56ba40/server/extensions/git/dist/main.js:2:937115)
	at async T.retryRun (/home/ec2-user/.vscode-server/cli/servers/Stable-38c31bc77e0dd6ae88a4e9cc93428cc27a56ba40/server/extensions/git/dist/main.js:2:1032816)
	at async T.run (/home/ec2-user/.vscode-server/cli/servers/Stable-38c31bc77e0dd6ae88a4e9cc93428cc27a56ba40/server/extensions/git/dist/main.js:2:1032420)
	at async T.getBranch (/home/ec2-user/.vscode-server/cli/servers/Stable-38c31bc77e0dd6ae88a4e9cc93428cc27a56ba40/server/extensions/git/dist/main.js:2:1020563)
	at async T.getBranchBase (/home/ec2-user/.vscode-server/cli/servers/Stable-38c31bc77e0dd6ae88a4e9cc93428cc27a56ba40/server/extensions/git/dist/main.js:2:1020849)
	at async t.GitHistoryProvider.resolveHEADMergeBase (/home/ec2-user/.vscode-server/cli/servers/Stable-38c31bc77e0dd6ae88a4e9cc93428cc27a56ba40/server/extensions/git/dist/main.js:2:948410)
	at async t.GitHistoryProvider.onDidRunGitStatus (/home/ec2-user/.vscode-server/cli/servers/Stable-38c31bc77e0dd6ae88a4e9cc93428cc27a56ba40/server/extensions/git/dist/main.js:2:941737)
2024-12-22 05:13:06.064 [warning] [Decorations] CAPPING events from decorations provider vscode.git 1956
2024-12-22 05:13:07.104 [error] Error: No such branch: master.
	at N.getBranch (/home/ec2-user/.vscode-server/cli/servers/Stable-38c31bc77e0dd6ae88a4e9cc93428cc27a56ba40/server/extensions/git/dist/main.js:2:937115)
	at async T.retryRun (/home/ec2-user/.vscode-server/cli/servers/Stable-38c31bc77e0dd6ae88a4e9cc93428cc27a56ba40/server/extensions/git/dist/main.js:2:1032816)
	at async T.run (/home/ec2-user/.vscode-server/cli/servers/Stable-38c31bc77e0dd6ae88a4e9cc93428cc27a56ba40/server/extensions/git/dist/main.js:2:1032420)
	at async T.getBranch (/home/ec2-user/.vscode-server/cli/servers/Stable-38c31bc77e0dd6ae88a4e9cc93428cc27a56ba40/server/extensions/git/dist/main.js:2:1020563)
	at async T.getBranchBase (/home/ec2-user/.vscode-server/cli/servers/Stable-38c31bc77e0dd6ae88a4e9cc93428cc27a56ba40/server/extensions/git/dist/main.js:2:1020849)
	at async t.GitHistoryProvider.resolveHEADMergeBase (/home/ec2-user/.vscode-server/cli/servers/Stable-38c31bc77e0dd6ae88a4e9cc93428cc27a56ba40/server/extensions/git/dist/main.js:2:948410)
	at async t.GitHistoryProvider.onDidRunGitStatus (/home/ec2-user/.vscode-server/cli/servers/Stable-38c31bc77e0dd6ae88a4e9cc93428cc27a56ba40/server/extensions/git/dist/main.js:2:941737)
2024-12-22 05:13:11.913 [warning] [Decorations] CAPPING events from decorations provider vscode.git 1956
2024-12-22 05:13:12.925 [error] Error: No such branch: master.
	at N.getBranch (/home/ec2-user/.vscode-server/cli/servers/Stable-38c31bc77e0dd6ae88a4e9cc93428cc27a56ba40/server/extensions/git/dist/main.js:2:937115)
	at async T.retryRun (/home/ec2-user/.vscode-server/cli/servers/Stable-38c31bc77e0dd6ae88a4e9cc93428cc27a56ba40/server/extensions/git/dist/main.js:2:1032816)
	at async T.run (/home/ec2-user/.vscode-server/cli/servers/Stable-38c31bc77e0dd6ae88a4e9cc93428cc27a56ba40/server/extensions/git/dist/main.js:2:1032420)
	at async T.getBranch (/home/ec2-user/.vscode-server/cli/servers/Stable-38c31bc77e0dd6ae88a4e9cc93428cc27a56ba40/server/extensions/git/dist/main.js:2:1020563)
	at async T.getBranchBase (/home/ec2-user/.vscode-server/cli/servers/Stable-38c31bc77e0dd6ae88a4e9cc93428cc27a56ba40/server/extensions/git/dist/main.js:2:1020849)
	at async t.GitHistoryProvider.resolveHEADMergeBase (/home/ec2-user/.vscode-server/cli/servers/Stable-38c31bc77e0dd6ae88a4e9cc93428cc27a56ba40/server/extensions/git/dist/main.js:2:948410)
	at async t.GitHistoryProvider.onDidRunGitStatus (/home/ec2-user/.vscode-server/cli/servers/Stable-38c31bc77e0dd6ae88a4e9cc93428cc27a56ba40/server/extensions/git/dist/main.js:2:941737)
2024-12-22 05:13:18.921 [warning] [Decorations] CAPPING events from decorations provider vscode.git 1956
2024-12-22 05:13:19.927 [error] Error: No such branch: master.
	at N.getBranch (/home/ec2-user/.vscode-server/cli/servers/Stable-38c31bc77e0dd6ae88a4e9cc93428cc27a56ba40/server/extensions/git/dist/main.js:2:937115)
	at async T.retryRun (/home/ec2-user/.vscode-server/cli/servers/Stable-38c31bc77e0dd6ae88a4e9cc93428cc27a56ba40/server/extensions/git/dist/main.js:2:1032816)
	at async T.run (/home/ec2-user/.vscode-server/cli/servers/Stable-38c31bc77e0dd6ae88a4e9cc93428cc27a56ba40/server/extensions/git/dist/main.js:2:1032420)
	at async T.getBranch (/home/ec2-user/.vscode-server/cli/servers/Stable-38c31bc77e0dd6ae88a4e9cc93428cc27a56ba40/server/extensions/git/dist/main.js:2:1020563)
	at async T.getBranchBase (/home/ec2-user/.vscode-server/cli/servers/Stable-38c31bc77e0dd6ae88a4e9cc93428cc27a56ba40/server/extensions/git/dist/main.js:2:1020849)
	at async t.GitHistoryProvider.resolveHEADMergeBase (/home/ec2-user/.vscode-server/cli/servers/Stable-38c31bc77e0dd6ae88a4e9cc93428cc27a56ba40/server/extensions/git/dist/main.js:2:948410)
	at async t.GitHistoryProvider.onDidRunGitStatus (/home/ec2-user/.vscode-server/cli/servers/Stable-38c31bc77e0dd6ae88a4e9cc93428cc27a56ba40/server/extensions/git/dist/main.js:2:941737)
2024-12-22 05:13:23.974 [warning] [Decorations] CAPPING events from decorations provider vscode.git 1956
2024-12-22 05:13:24.982 [error] Error: No such branch: master.
	at N.getBranch (/home/ec2-user/.vscode-server/cli/servers/Stable-38c31bc77e0dd6ae88a4e9cc93428cc27a56ba40/server/extensions/git/dist/main.js:2:937115)
	at async T.retryRun (/home/ec2-user/.vscode-server/cli/servers/Stable-38c31bc77e0dd6ae88a4e9cc93428cc27a56ba40/server/extensions/git/dist/main.js:2:1032816)
	at async T.run (/home/ec2-user/.vscode-server/cli/servers/Stable-38c31bc77e0dd6ae88a4e9cc93428cc27a56ba40/server/extensions/git/dist/main.js:2:1032420)
	at async T.getBranch (/home/ec2-user/.vscode-server/cli/servers/Stable-38c31bc77e0dd6ae88a4e9cc93428cc27a56ba40/server/extensions/git/dist/main.js:2:1020563)
	at async T.getBranchBase (/home/ec2-user/.vscode-server/cli/servers/Stable-38c31bc77e0dd6ae88a4e9cc93428cc27a56ba40/server/extensions/git/dist/main.js:2:1020849)
	at async t.GitHistoryProvider.resolveHEADMergeBase (/home/ec2-user/.vscode-server/cli/servers/Stable-38c31bc77e0dd6ae88a4e9cc93428cc27a56ba40/server/extensions/git/dist/main.js:2:948410)
	at async t.GitHistoryProvider.onDidRunGitStatus (/home/ec2-user/.vscode-server/cli/servers/Stable-38c31bc77e0dd6ae88a4e9cc93428cc27a56ba40/server/extensions/git/dist/main.js:2:941737)
2024-12-22 05:13:25.852 [warning] [Decorations] CAPPING events from decorations provider vscode.git 1956
2024-12-22 05:13:26.858 [error] Error: No such branch: master.
	at N.getBranch (/home/ec2-user/.vscode-server/cli/servers/Stable-38c31bc77e0dd6ae88a4e9cc93428cc27a56ba40/server/extensions/git/dist/main.js:2:937115)
	at async T.retryRun (/home/ec2-user/.vscode-server/cli/servers/Stable-38c31bc77e0dd6ae88a4e9cc93428cc27a56ba40/server/extensions/git/dist/main.js:2:1032816)
	at async T.run (/home/ec2-user/.vscode-server/cli/servers/Stable-38c31bc77e0dd6ae88a4e9cc93428cc27a56ba40/server/extensions/git/dist/main.js:2:1032420)
	at async T.getBranch (/home/ec2-user/.vscode-server/cli/servers/Stable-38c31bc77e0dd6ae88a4e9cc93428cc27a56ba40/server/extensions/git/dist/main.js:2:1020563)
	at async T.getBranchBase (/home/ec2-user/.vscode-server/cli/servers/Stable-38c31bc77e0dd6ae88a4e9cc93428cc27a56ba40/server/extensions/git/dist/main.js:2:1020849)
	at async t.GitHistoryProvider.resolveHEADMergeBase (/home/ec2-user/.vscode-server/cli/servers/Stable-38c31bc77e0dd6ae88a4e9cc93428cc27a56ba40/server/extensions/git/dist/main.js:2:948410)
	at async t.GitHistoryProvider.onDidRunGitStatus (/home/ec2-user/.vscode-server/cli/servers/Stable-38c31bc77e0dd6ae88a4e9cc93428cc27a56ba40/server/extensions/git/dist/main.js:2:941737)
2024-12-22 05:13:29.168 [warning] [Decorations] CAPPING events from decorations provider vscode.git 1956
2024-12-22 05:13:30.173 [error] Error: No such branch: master.
	at N.getBranch (/home/ec2-user/.vscode-server/cli/servers/Stable-38c31bc77e0dd6ae88a4e9cc93428cc27a56ba40/server/extensions/git/dist/main.js:2:937115)
	at async T.retryRun (/home/ec2-user/.vscode-server/cli/servers/Stable-38c31bc77e0dd6ae88a4e9cc93428cc27a56ba40/server/extensions/git/dist/main.js:2:1032816)
	at async T.run (/home/ec2-user/.vscode-server/cli/servers/Stable-38c31bc77e0dd6ae88a4e9cc93428cc27a56ba40/server/extensions/git/dist/main.js:2:1032420)
	at async T.getBranch (/home/ec2-user/.vscode-server/cli/servers/Stable-38c31bc77e0dd6ae88a4e9cc93428cc27a56ba40/server/extensions/git/dist/main.js:2:1020563)
	at async T.getBranchBase (/home/ec2-user/.vscode-server/cli/servers/Stable-38c31bc77e0dd6ae88a4e9cc93428cc27a56ba40/server/extensions/git/dist/main.js:2:1020849)
	at async t.GitHistoryProvider.resolveHEADMergeBase (/home/ec2-user/.vscode-server/cli/servers/Stable-38c31bc77e0dd6ae88a4e9cc93428cc27a56ba40/server/extensions/git/dist/main.js:2:948410)
	at async t.GitHistoryProvider.onDidRunGitStatus (/home/ec2-user/.vscode-server/cli/servers/Stable-38c31bc77e0dd6ae88a4e9cc93428cc27a56ba40/server/extensions/git/dist/main.js:2:941737)
2024-12-22 05:13:34.222 [warning] [Decorations] CAPPING events from decorations provider vscode.git 1956
2024-12-22 05:13:35.257 [error] Error: No such branch: master.
	at N.getBranch (/home/ec2-user/.vscode-server/cli/servers/Stable-38c31bc77e0dd6ae88a4e9cc93428cc27a56ba40/server/extensions/git/dist/main.js:2:937115)
	at async T.retryRun (/home/ec2-user/.vscode-server/cli/servers/Stable-38c31bc77e0dd6ae88a4e9cc93428cc27a56ba40/server/extensions/git/dist/main.js:2:1032816)
	at async T.run (/home/ec2-user/.vscode-server/cli/servers/Stable-38c31bc77e0dd6ae88a4e9cc93428cc27a56ba40/server/extensions/git/dist/main.js:2:1032420)
	at async T.getBranch (/home/ec2-user/.vscode-server/cli/servers/Stable-38c31bc77e0dd6ae88a4e9cc93428cc27a56ba40/server/extensions/git/dist/main.js:2:1020563)
	at async T.getBranchBase (/home/ec2-user/.vscode-server/cli/servers/Stable-38c31bc77e0dd6ae88a4e9cc93428cc27a56ba40/server/extensions/git/dist/main.js:2:1020849)
	at async t.GitHistoryProvider.resolveHEADMergeBase (/home/ec2-user/.vscode-server/cli/servers/Stable-38c31bc77e0dd6ae88a4e9cc93428cc27a56ba40/server/extensions/git/dist/main.js:2:948410)
	at async t.GitHistoryProvider.onDidRunGitStatus (/home/ec2-user/.vscode-server/cli/servers/Stable-38c31bc77e0dd6ae88a4e9cc93428cc27a56ba40/server/extensions/git/dist/main.js:2:941737)
2024-12-22 05:13:39.323 [warning] [Decorations] CAPPING events from decorations provider vscode.git 1956
2024-12-22 05:13:40.333 [error] Error: No such branch: master.
	at N.getBranch (/home/ec2-user/.vscode-server/cli/servers/Stable-38c31bc77e0dd6ae88a4e9cc93428cc27a56ba40/server/extensions/git/dist/main.js:2:937115)
	at async T.retryRun (/home/ec2-user/.vscode-server/cli/servers/Stable-38c31bc77e0dd6ae88a4e9cc93428cc27a56ba40/server/extensions/git/dist/main.js:2:1032816)
	at async T.run (/home/ec2-user/.vscode-server/cli/servers/Stable-38c31bc77e0dd6ae88a4e9cc93428cc27a56ba40/server/extensions/git/dist/main.js:2:1032420)
	at async T.getBranch (/home/ec2-user/.vscode-server/cli/servers/Stable-38c31bc77e0dd6ae88a4e9cc93428cc27a56ba40/server/extensions/git/dist/main.js:2:1020563)
	at async T.getBranchBase (/home/ec2-user/.vscode-server/cli/servers/Stable-38c31bc77e0dd6ae88a4e9cc93428cc27a56ba40/server/extensions/git/dist/main.js:2:1020849)
	at async t.GitHistoryProvider.resolveHEADMergeBase (/home/ec2-user/.vscode-server/cli/servers/Stable-38c31bc77e0dd6ae88a4e9cc93428cc27a56ba40/server/extensions/git/dist/main.js:2:948410)
	at async t.GitHistoryProvider.onDidRunGitStatus (/home/ec2-user/.vscode-server/cli/servers/Stable-38c31bc77e0dd6ae88a4e9cc93428cc27a56ba40/server/extensions/git/dist/main.js:2:941737)
